0 info it worked if it ends with ok
1 verbose cli [ '/Users/dguttman/.nvm/v0.10.32/bin/node',
1 verbose cli   '/Users/dguttman/.nvm/v0.10.32/bin/npm',
1 verbose cli   'run',
1 verbose cli   'watch-js' ]
2 info using npm@1.4.28
3 info using node@v0.10.32
4 verbose run-script [ 'prewatch-js', 'watch-js', 'postwatch-js' ]
5 info prewatch-js simple-wiki@0.0.1
6 info watch-js simple-wiki@0.0.1
7 verbose unsafe-perm in lifecycle true
8 info simple-wiki@0.0.1 Failed to exec watch-js script
9 error simple-wiki@0.0.1 watch-js: `watchify client/entry.coffee -o public/main.js -dv`
9 error Exit status 143
10 error Failed at the simple-wiki@0.0.1 watch-js script.
10 error This is most likely a problem with the simple-wiki package,
10 error not with npm itself.
10 error Tell the author that this fails on your system:
10 error     watchify client/entry.coffee -o public/main.js -dv
10 error You can get their info via:
10 error     npm owner ls simple-wiki
10 error There is likely additional logging output above.
11 error System Darwin 13.4.0
12 error command "/Users/dguttman/.nvm/v0.10.32/bin/node" "/Users/dguttman/.nvm/v0.10.32/bin/npm" "run" "watch-js"
13 error cwd /Users/dguttman/test/simple-wiki
14 error node -v v0.10.32
15 error npm -v 1.4.28
16 error code ELIFECYCLE
17 verbose exit [ 1, true ]
